<?xml version="1.0" encoding="UTF-8" ?>
<testsuite tests="32" failures="0" name="zemberek.morphology.analysis.PronounsTest" time="0.437" errors="0" skipped="0">
  <properties>
    <property name="os.detected.version" value="10.0"/>
    <property name="java.runtime.name" value="OpenJDK Runtime Environment"/>
    <property name="java.vm.version" value="11.0.4+10-b304.69"/>
    <property name="sun.boot.library.path" value="C:\Program Files\JetBrains\IntelliJ IDEA 2019.2.3\jbr\bin"/>
    <property name="maven.multiModuleProjectDirectory" value="C:\Users\VKT-ERKANK\Documents\GitHub\zemberek-nlp"/>
    <property name="java.vm.vendor" value="JetBrains s.r.o"/>
    <property name="java.vendor.url" value="https://www.jetbrains.com/"/>
    <property name="path.separator" value=";"/>
    <property name="os.detected.version.minor" value="0"/>
    <property name="guice.disable.misplaced.annotation.check" value="true"/>
    <property name="java.vm.name" value="OpenJDK 64-Bit Server VM"/>
    <property name="user.country" value="GB"/>
    <property name="sun.java.launcher" value="SUN_STANDARD"/>
    <property name="user.script" value=""/>
    <property name="sun.os.patch.level" value=""/>
    <property name="user.dir" value="C:\Users\VKT-ERKANK\Documents\GitHub\zemberek-nlp"/>
    <property name="java.vm.compressedOopsMode" value="32-bit"/>
    <property name="java.vm.specification.name" value="Java Virtual Machine Specification"/>
    <property name="java.runtime.version" value="11.0.4+10-b304.69"/>
    <property name="java.awt.graphicsenv" value="sun.awt.Win32GraphicsEnvironment"/>
    <property name="os.arch" value="amd64"/>
    <property name="java.io.tmpdir" value="C:\Users\VKT-ER~1\AppData\Local\Temp\"/>
    <property name="line.separator" value="
"/>
    <property name="java.vm.specification.vendor" value="Oracle Corporation"/>
    <property name="os.detected.version.major" value="10"/>
    <property name="user.variant" value=""/>
    <property name="os.name" value="Windows 10"/>
    <property name="os.detected.classifier" value="windows-x86_64"/>
    <property name="maven.ext.class.path" value="C:\Program Files\JetBrains\IntelliJ IDEA 2019.2.3\plugins\maven\lib\maven-event-listener.jar"/>
    <property name="classworlds.conf" value="C:\Program Files\JetBrains\IntelliJ IDEA 2019.2.3\plugins\maven\lib\maven3\bin\m2.conf"/>
    <property name="sun.jnu.encoding" value="Cp1252"/>
    <property name="java.library.path" value="C:\Program Files\JetBrains\IntelliJ IDEA 2019.2.3\jbr\bin;C:\WINDOWS\Sun\Java\bin;C:\WINDOWS\system32;C:\WINDOWS;C:\Program Files (x86)\Common Files\Oracle\Java\javapath;C:\WINDOWS\system32;C:\WINDOWS;C:\WINDOWS\System32\Wbem;C:\WINDOWS\System32\WindowsPowerShell\v1.0\;C:\WINDOWS\System32\OpenSSH\;C:\Program Files\dotnet\;C:\Program Files\Microsoft SQL Server\130\Tools\Binn\;C:\Users\VKT-ERKANK\Desktop\downloads\vektora arge\apache-maven-3.6.2\bin;C:\Program Files\Git\cmd;C:\Users\VKT-ERKANK\AppData\Local\Microsoft\WindowsApps;C:\Program Files\JetBrains\IntelliJ IDEA 2019.2.3\bin;C:\Users\VKT-ERKANK\AppData\Local\GitHubDesktop\bin;."/>
    <property name="os.detected.arch" value="x86_64"/>
    <property name="maven.conf" value="C:\Program Files\JetBrains\IntelliJ IDEA 2019.2.3\plugins\maven\lib\maven3/conf"/>
    <property name="jdk.debug" value="release"/>
    <property name="java.class.version" value="55.0"/>
    <property name="java.specification.name" value="Java Platform API Specification"/>
    <property name="sun.management.compiler" value="HotSpot 64-Bit Tiered Compilers"/>
    <property name="os.detected.name" value="windows"/>
    <property name="os.version" value="10.0"/>
    <property name="user.home" value="C:\Users\VKT-ERKANK"/>
    <property name="user.timezone" value="Asia/Istanbul"/>
    <property name="java.awt.printerjob" value="sun.awt.windows.WPrinterJob"/>
    <property name="file.encoding" value="UTF-8"/>
    <property name="java.specification.version" value="11"/>
    <property name="idea.version2019.2.3" value="true"/>
    <property name="java.class.path" value="C:\Program Files\JetBrains\IntelliJ IDEA 2019.2.3\plugins\maven\lib\maven3\boot\plexus-classworlds-2.6.0.jar"/>
    <property name="user.name" value="VKT-ERKANK"/>
    <property name="java.vm.specification.version" value="11"/>
    <property name="sun.arch.data.model" value="64"/>
    <property name="sun.java.command" value="org.codehaus.classworlds.Launcher -Didea.version2019.2.3 package"/>
    <property name="java.home" value="C:\Program Files\JetBrains\IntelliJ IDEA 2019.2.3\jbr"/>
    <property name="user.language" value="en"/>
    <property name="java.specification.vendor" value="Oracle Corporation"/>
    <property name="awt.toolkit" value="sun.awt.windows.WToolkit"/>
    <property name="java.vm.info" value="mixed mode, sharing"/>
    <property name="java.version" value="11.0.4"/>
    <property name="java.vendor" value="JetBrains s.r.o"/>
    <property name="maven.home" value="C:\Program Files\JetBrains\IntelliJ IDEA 2019.2.3\plugins\maven\lib\maven3"/>
    <property name="file.separator" value="\"/>
    <property name="java.version.date" value="2019-07-16"/>
    <property name="java.vendor.url.bug" value="https://youtrack.jetbrains.com"/>
    <property name="sun.cpu.endian" value="little"/>
    <property name="sun.io.unicode.encoding" value="UnicodeLittle"/>
    <property name="sun.desktop" value="windows"/>
    <property name="sun.cpu.isalist" value="amd64"/>
  </properties>
  <testcase classname="zemberek.morphology.analysis.PronounsTest" name="biriTest1" time="0.013"/>
  <testcase classname="zemberek.morphology.analysis.PronounsTest" name="baziTest" time="0.009"/>
  <testcase classname="zemberek.morphology.analysis.PronounsTest" name="berikiTest" time="0.011"/>
  <testcase classname="zemberek.morphology.analysis.PronounsTest" name="bizSizTest" time="0.022"/>
  <testcase classname="zemberek.morphology.analysis.PronounsTest" name="neTest" time="0.01"/>
  <testcase classname="zemberek.morphology.analysis.PronounsTest" name="oTest1" time="0.007"/>
  <testcase classname="zemberek.morphology.analysis.PronounsTest" name="topuTest" time="0.01"/>
  <testcase classname="zemberek.morphology.analysis.PronounsTest" name="umumTest" time="0.009"/>
  <testcase classname="zemberek.morphology.analysis.PronounsTest" name="herkesTest" time="0.01"/>
  <testcase classname="zemberek.morphology.analysis.PronounsTest" name="coguTest" time="0.017"/>
  <testcase classname="zemberek.morphology.analysis.PronounsTest" name="kimTest" time="0.013"/>
  <testcase classname="zemberek.morphology.analysis.PronounsTest" name="cumlesiTest" time="0.01"/>
  <testcase classname="zemberek.morphology.analysis.PronounsTest" name="kimiTest" time="0.009"/>
  <testcase classname="zemberek.morphology.analysis.PronounsTest" name="kimseQuantTest" time="0.01"/>
  <testcase classname="zemberek.morphology.analysis.PronounsTest" name="sendekiTest_issue_188" time="0.011"/>
  <testcase classname="zemberek.morphology.analysis.PronounsTest" name="tumuTest" time="0.011"/>
  <testcase classname="zemberek.morphology.analysis.PronounsTest" name="herkesteTest_issue_178" time="0.013"/>
  <testcase classname="zemberek.morphology.analysis.PronounsTest" name="oburuTest" time="0.009"/>
  <testcase classname="zemberek.morphology.analysis.PronounsTest" name="bircoguTest" time="0.01"/>
  <testcase classname="zemberek.morphology.analysis.PronounsTest" name="buTest1" time="0.016"/>
  <testcase classname="zemberek.morphology.analysis.PronounsTest" name="falanFalancaTest1" time="0.029"/>
  <testcase classname="zemberek.morphology.analysis.PronounsTest" name="hepsiTest" time="0.015"/>
  <testcase classname="zemberek.morphology.analysis.PronounsTest" name="hepTest" time="0.014"/>
  <testcase classname="zemberek.morphology.analysis.PronounsTest" name="hicbiriTest" time="0.019"/>
  <testcase classname="zemberek.morphology.analysis.PronounsTest" name="nereTest" time="0.016"/>
  <testcase classname="zemberek.morphology.analysis.PronounsTest" name="herbiriTest1" time="0.013"/>
  <testcase classname="zemberek.morphology.analysis.PronounsTest" name="birkaciTest" time="0.015"/>
  <testcase classname="zemberek.morphology.analysis.PronounsTest" name="kendiTest" time="0.012"/>
  <testcase classname="zemberek.morphology.analysis.PronounsTest" name="benSenTest1" time="0.029"/>
  <testcase classname="zemberek.morphology.analysis.PronounsTest" name="oburkuTest" time="0.013"/>
  <testcase classname="zemberek.morphology.analysis.PronounsTest" name="birbiriTest" time="0.012"/>
  <testcase classname="zemberek.morphology.analysis.PronounsTest" name="kendiTest_issues_171_172" time="0.02"/>
</testsuite>