<?xml version="1.0" encoding="UTF-8" ?>
<testsuite tests="15" failures="0" name="zemberek.core.collections.IntIntMapTest" time="12.666" errors="1" skipped="2">
  <properties>
    <property name="os.detected.version" value="10.0"/>
    <property name="java.runtime.name" value="Java(TM) SE Runtime Environment"/>
    <property name="sun.boot.library.path" value="C:\Program Files (x86)\Java\jdk1.8.0_231\jre\bin"/>
    <property name="java.vm.version" value="25.231-b11"/>
    <property name="java.vm.vendor" value="Oracle Corporation"/>
    <property name="maven.multiModuleProjectDirectory" value="C:/Users/VKT-ERKANK/Documents/GitHub/zemberek-nlp"/>
    <property name="java.vendor.url" value="http://java.oracle.com/"/>
    <property name="os.detected.version.minor" value="0"/>
    <property name="path.separator" value=";"/>
    <property name="guice.disable.misplaced.annotation.check" value="true"/>
    <property name="java.vm.name" value="Java HotSpot(TM) Client VM"/>
    <property name="file.encoding.pkg" value="sun.io"/>
    <property name="user.script" value=""/>
    <property name="user.country" value="GB"/>
    <property name="sun.java.launcher" value="SUN_STANDARD"/>
    <property name="sun.os.patch.level" value=""/>
    <property name="java.vm.specification.name" value="Java Virtual Machine Specification"/>
    <property name="user.dir" value="C:\Users\VKT-ERKANK\Documents\GitHub\zemberek-nlp"/>
    <property name="java.runtime.version" value="1.8.0_231-b11"/>
    <property name="java.awt.graphicsenv" value="sun.awt.Win32GraphicsEnvironment"/>
    <property name="java.endorsed.dirs" value="C:\Program Files (x86)\Java\jdk1.8.0_231\jre\lib\endorsed"/>
    <property name="os.arch" value="x86"/>
    <property name="java.io.tmpdir" value="C:\Users\VKT-ER~1\AppData\Local\Temp\"/>
    <property name="line.separator" value="
"/>
    <property name="java.vm.specification.vendor" value="Oracle Corporation"/>
    <property name="user.variant" value=""/>
    <property name="os.detected.version.major" value="10"/>
    <property name="os.name" value="Windows 10"/>
    <property name="os.detected.classifier" value="windows-x86_32"/>
    <property name="classworlds.conf" value="C:/Users/VKT-ERKANK/Desktop/downloads/vektora arge/apache-maven-3.6.2/bin/m2.conf"/>
    <property name="sun.jnu.encoding" value="Cp1252"/>
    <property name="java.library.path" value="C:\Program Files (x86)\Java\jdk1.8.0_231\bin;C:\WINDOWS\Sun\Java\bin;C:\WINDOWS\system32;C:\WINDOWS;C:\Users\VKT-ERKANK\bin;C:\Program Files\Git\mingw64\bin;C:\Program Files\Git\usr\local\bin;C:\Program Files\Git\usr\bin;C:\Program Files\Git\usr\bin;C:\Program Files\Git\mingw64\bin;C:\Program Files\Git\usr\bin;C:\Users\VKT-ERKANK\bin;C:\Program Files (x86)\Common Files\Oracle\Java\javapath;C:\WINDOWS\system32;C:\WINDOWS;C:\WINDOWS\System32\Wbem;C:\WINDOWS\System32\WindowsPowerShell\v1.0;C:\WINDOWS\System32\OpenSSH;C:\Program Files\dotnet;C:\Program Files\Microsoft SQL Server\130\Tools\Binn;C:\Users\VKT-ERKANK\Desktop\downloads\vektora arge\apache-maven-3.6.2\bin;C:\Program Files\Git\cmd;C:\Users\VKT-ERKANK\AppData\Local\Microsoft\WindowsApps;C:\Program Files\JetBrains\IntelliJ IDEA 2019.2.3\bin;C:\Users\VKT-ERKANK\AppData\Local\GitHubDesktop\bin;C:\Program Files\Git\usr\bin\vendor_perl;C:\Program Files\Git\usr\bin\core_perl;."/>
    <property name="os.detected.arch" value="x86_32"/>
    <property name="maven.conf" value="C:/Users/VKT-ERKANK/Desktop/downloads/vektora arge/apache-maven-3.6.2/conf"/>
    <property name="java.class.version" value="52.0"/>
    <property name="java.specification.name" value="Java Platform API Specification"/>
    <property name="sun.management.compiler" value="HotSpot Client Compiler"/>
    <property name="os.detected.name" value="windows"/>
    <property name="os.version" value="10.0"/>
    <property name="library.jansi.path" value="C:/Users/VKT-ERKANK/Desktop/downloads/vektora arge/apache-maven-3.6.2/lib/jansi-native"/>
    <property name="user.home" value="C:\Users\VKT-ERKANK"/>
    <property name="user.timezone" value="Asia/Istanbul"/>
    <property name="java.awt.printerjob" value="sun.awt.windows.WPrinterJob"/>
    <property name="java.specification.version" value="1.8"/>
    <property name="file.encoding" value="Cp1252"/>
    <property name="user.name" value="VKT-ERKANK"/>
    <property name="java.class.path" value="C:/Users/VKT-ERKANK/Desktop/downloads/vektora arge/apache-maven-3.6.2/boot/plexus-classworlds-2.6.0.jar"/>
    <property name="java.vm.specification.version" value="1.8"/>
    <property name="sun.arch.data.model" value="32"/>
    <property name="java.home" value="C:\Program Files (x86)\Java\jdk1.8.0_231\jre"/>
    <property name="sun.java.command" value="org.codehaus.plexus.classworlds.launcher.Launcher install"/>
    <property name="java.specification.vendor" value="Oracle Corporation"/>
    <property name="user.language" value="en"/>
    <property name="awt.toolkit" value="sun.awt.windows.WToolkit"/>
    <property name="java.vm.info" value="mixed mode, sharing"/>
    <property name="java.version" value="1.8.0_231"/>
    <property name="java.ext.dirs" value="C:\Program Files (x86)\Java\jdk1.8.0_231\jre\lib\ext;C:\WINDOWS\Sun\Java\lib\ext"/>
    <property name="sun.boot.class.path" value="C:\Program Files (x86)\Java\jdk1.8.0_231\jre\lib\resources.jar;C:\Program Files (x86)\Java\jdk1.8.0_231\jre\lib\rt.jar;C:\Program Files (x86)\Java\jdk1.8.0_231\jre\lib\sunrsasign.jar;C:\Program Files (x86)\Java\jdk1.8.0_231\jre\lib\jsse.jar;C:\Program Files (x86)\Java\jdk1.8.0_231\jre\lib\jce.jar;C:\Program Files (x86)\Java\jdk1.8.0_231\jre\lib\charsets.jar;C:\Program Files (x86)\Java\jdk1.8.0_231\jre\lib\jfr.jar;C:\Program Files (x86)\Java\jdk1.8.0_231\jre\classes"/>
    <property name="java.vendor" value="Oracle Corporation"/>
    <property name="maven.home" value="C:\Users\VKT-ERKANK\Desktop\downloads\vektora arge\apache-maven-3.6.2"/>
    <property name="file.separator" value="\"/>
    <property name="java.vendor.url.bug" value="http://bugreport.sun.com/bugreport/"/>
    <property name="sun.cpu.endian" value="little"/>
    <property name="sun.io.unicode.encoding" value="UnicodeLittle"/>
    <property name="sun.desktop" value="windows"/>
    <property name="sun.cpu.isalist" value="pentium_pro+mmx pentium_pro pentium+mmx pentium i486 i386 i86"/>
  </properties>
  <testcase classname="zemberek.core.collections.IntIntMapTest" name="testPerformance" time="0">
    <skipped message="Not a unit test"/>
  </testcase>
  <testcase classname="zemberek.core.collections.IntIntMapTest" name="initializesCorrectly" time="0.002"/>
  <testcase classname="zemberek.core.collections.IntIntMapTest" name="removeRemovesCorrectly" time="0"/>
  <testcase classname="zemberek.core.collections.IntIntMapTest" name="removeSpansWorksCorrectly" time="0"/>
  <testcase classname="zemberek.core.collections.IntIntMapTest" name="expandsCorrectly" time="0.007"/>
  <testcase classname="zemberek.core.collections.IntIntMapTest" name="speedAgainstHashMap" time="0.007">
    <skipped message="Not a unit test"/>
  </testcase>
  <testcase classname="zemberek.core.collections.IntIntMapTest" name="failsOnInvalidKeys" time="0"/>
  <testcase classname="zemberek.core.collections.IntIntMapTest" name="removeTest2" time="0.002"/>
  <testcase classname="zemberek.core.collections.IntIntMapTest" name="putAddsAndUpdatesElementsCorrectly" time="0.004"/>
  <testcase classname="zemberek.core.collections.IntIntMapTest" name="putGetWorksCorrectly" time="0"/>
  <testcase classname="zemberek.core.collections.IntIntMapTest" name="survivesSimpleFuzzing" time="11.808"/>
  <testcase classname="zemberek.core.collections.IntIntMapTest" name="checkLargeValues" time="0.817">
    <error message="Java heap space" type="java.lang.OutOfMemoryError">java.lang.OutOfMemoryError: Java heap space
	at zemberek.core.collections.CompactIntMapBase.&lt;init&gt;(CompactIntMapBase.java:29)
	at zemberek.core.collections.IntIntMap.&lt;init&gt;(IntIntMap.java:24)
	at zemberek.core.collections.IntIntMap.expand(IntIntMap.java:128)
	at zemberek.core.collections.CompactIntMapBase.expandIfNecessary(CompactIntMapBase.java:114)
	at zemberek.core.collections.IntIntMap.put(IntIntMap.java:41)
	at zemberek.core.collections.IntIntMapTest.checkLargeValues(IntIntMapTest.java:229)
	at sun.reflect.NativeMethodAccessorImpl.invoke0(Native Method)
	at sun.reflect.NativeMethodAccessorImpl.invoke(NativeMethodAccessorImpl.java:62)
	at sun.reflect.DelegatingMethodAccessorImpl.invoke(DelegatingMethodAccessorImpl.java:43)
	at java.lang.reflect.Method.invoke(Method.java:498)
	at org.junit.runners.model.FrameworkMethod$1.runReflectiveCall(FrameworkMethod.java:50)
	at org.junit.internal.runners.model.ReflectiveCallable.run(ReflectiveCallable.java:12)
	at org.junit.runners.model.FrameworkMethod.invokeExplosively(FrameworkMethod.java:47)
	at org.junit.internal.runners.statements.InvokeMethod.evaluate(InvokeMethod.java:17)
	at org.junit.runners.ParentRunner.runLeaf(ParentRunner.java:325)
	at org.junit.runners.BlockJUnit4ClassRunner.runChild(BlockJUnit4ClassRunner.java:78)
	at org.junit.runners.BlockJUnit4ClassRunner.runChild(BlockJUnit4ClassRunner.java:57)
	at org.junit.runners.ParentRunner$3.run(ParentRunner.java:290)
	at org.junit.runners.ParentRunner$1.schedule(ParentRunner.java:71)
	at org.junit.runners.ParentRunner.runChildren(ParentRunner.java:288)
	at org.junit.runners.ParentRunner.access$000(ParentRunner.java:58)
	at org.junit.runners.ParentRunner$2.evaluate(ParentRunner.java:268)
	at org.junit.runners.ParentRunner.run(ParentRunner.java:363)
	at org.apache.maven.surefire.junit4.JUnit4Provider.execute(JUnit4Provider.java:252)
	at org.apache.maven.surefire.junit4.JUnit4Provider.executeTestSet(JUnit4Provider.java:141)
	at org.apache.maven.surefire.junit4.JUnit4Provider.invoke(JUnit4Provider.java:112)
	at sun.reflect.NativeMethodAccessorImpl.invoke0(Native Method)
	at sun.reflect.NativeMethodAccessorImpl.invoke(NativeMethodAccessorImpl.java:62)
	at sun.reflect.DelegatingMethodAccessorImpl.invoke(DelegatingMethodAccessorImpl.java:43)
	at java.lang.reflect.Method.invoke(Method.java:498)
	at org.apache.maven.surefire.util.ReflectionUtils.invokeMethodWithArray(ReflectionUtils.java:189)
	at org.apache.maven.surefire.booter.ProviderFactory$ProviderProxy.invoke(ProviderFactory.java:165)
</error>
  </testcase>
  <testcase classname="zemberek.core.collections.IntIntMapTest" name="failsOnInvalidSizes" time="0"/>
  <testcase classname="zemberek.core.collections.IntIntMapTest" name="getTest2" time="0.013"/>
  <testcase classname="zemberek.core.collections.IntIntMapTest" name="removeSpansWorksCorrectly2" time="0.006"/>
</testsuite>